<?xml version="1.0" encoding="UTF-8"?>
<!-- Generated by org.testng.reporters.JUnitXMLReporter -->
<testsuite ignored="0" hostname="DESKTOP-RQATLGM" failures="0" tests="4" name="Default test" time="3.55" errors="0" timestamp="2024-05-13T17:05:12 IST">
  <testcase classname="tests.WebGoat8Api" name="testLoginAndGetSessionId" time="1.183"/>
  <testcase classname="tests.WebGoat8Api" name="testSuccessfulSqlInjection" time="1.092"/>
  <testcase classname="tests.WebGoat8Api" name="testSuccessfulSqlInjectionEmptyName" time="0.309"/>
  <testcase classname="tests.WebGoat8Api" name="testSqlInjectionWronInput" time="0.275"/>
</testsuite> <!-- Default test -->
