<?xml version="1.0" encoding="UTF-8"?>
<!-- Generated by org.testng.reporters.JUnitXMLReporter -->
<testsuite ignored="0" hostname="DESKTOP-RQATLGM" failures="0" tests="5" name="MyTest" time="45.686" errors="0" timestamp="2024-05-10T15:18:53 IST">
  <testcase classname="tests.AnderoidAppium" name="myAnderoidInstagramLaunchTest" time="27.447"/>
  <testcase classname="tests.WebGoat8Api" name="testLoginAndGetSessionId" time="1.507"/>
  <testcase classname="tests.WebGoat8Api" name="testSuccessfulSqlInjection" time="1.166"/>
  <testcase classname="tests.WebGoat8Api" name="testSuccessfulSqlInjectionEmptyName" time="0.296"/>
  <testcase classname="tests.WebGoat8Api" name="testSqlInjectionWronInput" time="0.304"/>
</testsuite> <!-- MyTest -->
