<?xml version="1.0" encoding="UTF-8"?>
<!-- Generated by org.testng.reporters.JUnitXMLReporter -->
<testsuite ignored="0" hostname="DESKTOP-RQATLGM" failures="0" tests="5" name="MyTest" time="49.636" errors="0" timestamp="2024-05-13T17:06:30 IST">
  <testcase classname="tests.AnderoidAppium" name="myAnderoidInstagramLaunchTest" time="28.162"/>
  <testcase classname="tests.WebGoat8Api" name="testLoginAndGetSessionId" time="1.179"/>
  <testcase classname="tests.WebGoat8Api" name="testSuccessfulSqlInjection" time="0.993"/>
  <testcase classname="tests.WebGoat8Api" name="testSuccessfulSqlInjectionEmptyName" time="0.368"/>
  <testcase classname="tests.WebGoat8Api" name="testSqlInjectionWronInput" time="0.31"/>
</testsuite> <!-- MyTest -->
