<?xml version="1.0" encoding="UTF-8"?>
<!-- Generated by org.testng.reporters.JUnitXMLReporter -->
<testsuite ignored="0" hostname="DESKTOP-RQATLGM" failures="0" tests="5" name="MyTest" time="51.753" errors="0" timestamp="2024-05-10T15:23:04 IST">
  <testcase classname="tests.AnderoidAppium" name="myAnderoidInstagramLaunchTest" time="33.076"/>
  <testcase classname="tests.WebGoat8Api" name="testLoginAndGetSessionId" time="1.719"/>
  <testcase classname="tests.WebGoat8Api" name="testSuccessfulSqlInjection" time="1.103"/>
  <testcase classname="tests.WebGoat8Api" name="testSuccessfulSqlInjectionEmptyName" time="0.359"/>
  <testcase classname="tests.WebGoat8Api" name="testSqlInjectionWronInput" time="0.354"/>
</testsuite> <!-- MyTest -->
