<?xml version="1.0" encoding="UTF-8"?>
<testsuite xmlns:xsi="http://www.w3.org/2001/XMLSchema-instance" xsi:noNamespaceSchemaLocation="https://maven.apache.org/surefire/maven-surefire-plugin/xsd/surefire-test-report.xsd" name="TestSuite" time="52.917" tests="5" errors="0" skipped="0" failures="0">
  <properties>
[...]
</properties>
  <testcase name="myAnderoidInstagramLaunchTest" classname="tests.AnderoidAppium" time="33.078"/>
  <testcase name="testLoginAndGetSessionId" classname="tests.WebGoat8Api" time="1.72"/>
  <testcase name="testSuccessfulSqlInjection" classname="tests.WebGoat8Api" time="1.103"/>
  <testcase name="testSuccessfulSqlInjectionEmptyName" classname="tests.WebGoat8Api" time="0.36"/>
  <testcase name="testSqlInjectionWronInput" classname="tests.WebGoat8Api" time="0.354"/>
</testsuite>