<?xml version="1.0" encoding="UTF-8"?>
<testng-results ignored="0" total="5" passed="5" failed="0" skipped="0">
  <reporter-output>
  </reporter-output>
  <suite started-at="2024-05-10T15:22:12 IST" name="MySuite" finished-at="2024-05-10T15:23:03 IST" duration-ms="51753">
    <groups>
    </groups>
    <test started-at="2024-05-10T15:22:12 IST" name="MyTest" finished-at="2024-05-10T15:23:03 IST" duration-ms="51753">
      <class name="tests.AnderoidAppium">
        <test-method is-config="true" signature="setup()[pri:0, instance:tests.AnderoidAppium@6337c201]" started-at="2024-05-10T15:22:12 IST" name="setup" finished-at="2024-05-10T15:22:25 IST" duration-ms="13679" status="PASS">
          <reporter-output>
          </reporter-output>
        </test-method> <!-- setup -->
        <test-method signature="myAnderoidInstagramLaunchTest()[pri:0, instance:tests.AnderoidAppium@6337c201]" started-at="2024-05-10T15:22:26 IST" name="myAnderoidInstagramLaunchTest" finished-at="2024-05-10T15:22:59 IST" duration-ms="33076" status="PASS">
          <reporter-output>
          </reporter-output>
        </test-method> <!-- myAnderoidInstagramLaunchTest -->
        <test-method is-config="true" signature="teardown()[pri:0, instance:tests.AnderoidAppium@6337c201]" started-at="2024-05-10T15:23:03 IST" name="teardown" finished-at="2024-05-10T15:23:03 IST" duration-ms="532" status="PASS">
          <reporter-output>
          </reporter-output>
        </test-method> <!-- teardown -->
      </class> <!-- tests.AnderoidAppium -->
      <class name="tests.WebGoat8Api">
        <test-method is-config="true" signature="setup()[pri:0, instance:tests.WebGoat8Api@27adc16e]" started-at="2024-05-10T15:22:25 IST" name="setup" finished-at="2024-05-10T15:22:26 IST" duration-ms="803" status="PASS">
          <reporter-output>
          </reporter-output>
        </test-method> <!-- setup -->
        <test-method signature="testLoginAndGetSessionId()[pri:1, instance:tests.WebGoat8Api@27adc16e]" started-at="2024-05-10T15:22:59 IST" name="testLoginAndGetSessionId" finished-at="2024-05-10T15:23:01 IST" duration-ms="1719" status="PASS">
          <reporter-output>
          </reporter-output>
        </test-method> <!-- testLoginAndGetSessionId -->
        <test-method signature="testSuccessfulSqlInjection()[pri:2, instance:tests.WebGoat8Api@27adc16e]" started-at="2024-05-10T15:23:01 IST" name="testSuccessfulSqlInjection" finished-at="2024-05-10T15:23:02 IST" duration-ms="1103" status="PASS">
          <reporter-output>
          </reporter-output>
        </test-method> <!-- testSuccessfulSqlInjection -->
        <test-method signature="testSuccessfulSqlInjectionEmptyName()[pri:3, instance:tests.WebGoat8Api@27adc16e]" started-at="2024-05-10T15:23:02 IST" name="testSuccessfulSqlInjectionEmptyName" finished-at="2024-05-10T15:23:03 IST" duration-ms="359" status="PASS">
          <reporter-output>
          </reporter-output>
        </test-method> <!-- testSuccessfulSqlInjectionEmptyName -->
        <test-method signature="testSqlInjectionWronInput()[pri:4, instance:tests.WebGoat8Api@27adc16e]" started-at="2024-05-10T15:23:03 IST" name="testSqlInjectionWronInput" finished-at="2024-05-10T15:23:03 IST" duration-ms="354" status="PASS">
          <reporter-output>
          </reporter-output>
        </test-method> <!-- testSqlInjectionWronInput -->
      </class> <!-- tests.WebGoat8Api -->
    </test> <!-- MyTest -->
  </suite> <!-- MySuite -->
</testng-results>
