<?xml version="1.0" encoding="UTF-8"?>
<testng-results ignored="0" total="5" passed="5" failed="0" skipped="0">
  <reporter-output>
  </reporter-output>
  <suite started-at="2024-05-10T15:18:07 IST" name="MySuite" finished-at="2024-05-10T15:18:53 IST" duration-ms="45686">
    <groups>
    </groups>
    <test started-at="2024-05-10T15:18:07 IST" name="MyTest" finished-at="2024-05-10T15:18:53 IST" duration-ms="45686">
      <class name="tests.AnderoidAppium">
        <test-method is-config="true" signature="setup()[pri:0, instance:tests.AnderoidAppium@512baff6]" started-at="2024-05-10T15:18:07 IST" name="setup" finished-at="2024-05-10T15:18:21 IST" duration-ms="13630" status="PASS">
          <reporter-output>
          </reporter-output>
        </test-method> <!-- setup -->
        <test-method signature="myAnderoidInstagramLaunchTest()[pri:0, instance:tests.AnderoidAppium@512baff6]" started-at="2024-05-10T15:18:22 IST" name="myAnderoidInstagramLaunchTest" finished-at="2024-05-10T15:18:49 IST" duration-ms="27447" status="PASS">
          <reporter-output>
          </reporter-output>
        </test-method> <!-- myAnderoidInstagramLaunchTest -->
        <test-method is-config="true" signature="teardown()[pri:0, instance:tests.AnderoidAppium@512baff6]" started-at="2024-05-10T15:18:53 IST" name="teardown" finished-at="2024-05-10T15:18:53 IST" duration-ms="463" status="PASS">
          <reporter-output>
          </reporter-output>
        </test-method> <!-- teardown -->
      </class> <!-- tests.AnderoidAppium -->
      <class name="tests.WebGoat8Api">
        <test-method is-config="true" signature="setup()[pri:0, instance:tests.WebGoat8Api@363a52f]" started-at="2024-05-10T15:18:21 IST" name="setup" finished-at="2024-05-10T15:18:22 IST" duration-ms="730" status="PASS">
          <reporter-output>
          </reporter-output>
        </test-method> <!-- setup -->
        <test-method signature="testLoginAndGetSessionId()[pri:1, instance:tests.WebGoat8Api@363a52f]" started-at="2024-05-10T15:18:49 IST" name="testLoginAndGetSessionId" finished-at="2024-05-10T15:18:51 IST" duration-ms="1507" status="PASS">
          <reporter-output>
          </reporter-output>
        </test-method> <!-- testLoginAndGetSessionId -->
        <test-method signature="testSuccessfulSqlInjection()[pri:2, instance:tests.WebGoat8Api@363a52f]" started-at="2024-05-10T15:18:51 IST" name="testSuccessfulSqlInjection" finished-at="2024-05-10T15:18:52 IST" duration-ms="1166" status="PASS">
          <reporter-output>
          </reporter-output>
        </test-method> <!-- testSuccessfulSqlInjection -->
        <test-method signature="testSuccessfulSqlInjectionEmptyName()[pri:3, instance:tests.WebGoat8Api@363a52f]" started-at="2024-05-10T15:18:52 IST" name="testSuccessfulSqlInjectionEmptyName" finished-at="2024-05-10T15:18:52 IST" duration-ms="296" status="PASS">
          <reporter-output>
          </reporter-output>
        </test-method> <!-- testSuccessfulSqlInjectionEmptyName -->
        <test-method signature="testSqlInjectionWronInput()[pri:4, instance:tests.WebGoat8Api@363a52f]" started-at="2024-05-10T15:18:52 IST" name="testSqlInjectionWronInput" finished-at="2024-05-10T15:18:53 IST" duration-ms="304" status="PASS">
          <reporter-output>
          </reporter-output>
        </test-method> <!-- testSqlInjectionWronInput -->
      </class> <!-- tests.WebGoat8Api -->
    </test> <!-- MyTest -->
  </suite> <!-- MySuite -->
</testng-results>
