<?xml version="1.0" encoding="UTF-8"?>
<testng-results ignored="0" total="4" passed="4" failed="0" skipped="0">
  <reporter-output>
  </reporter-output>
  <suite started-at="2024-05-13T17:05:08 IST" name="Default suite" finished-at="2024-05-13T17:05:12 IST" duration-ms="3550">
    <groups>
    </groups>
    <test started-at="2024-05-13T17:05:08 IST" name="Default test" finished-at="2024-05-13T17:05:12 IST" duration-ms="3550">
      <class name="tests.WebGoat8Api">
        <test-method is-config="true" signature="setup()[pri:0, instance:tests.WebGoat8Api@1d2adfbe]" started-at="2024-05-13T17:05:09 IST" name="setup" finished-at="2024-05-13T17:05:09 IST" duration-ms="531" status="PASS">
          <reporter-output>
          </reporter-output>
        </test-method> <!-- setup -->
        <test-method signature="testLoginAndGetSessionId()[pri:1, instance:tests.WebGoat8Api@1d2adfbe]" started-at="2024-05-13T17:05:09 IST" name="testLoginAndGetSessionId" finished-at="2024-05-13T17:05:10 IST" duration-ms="1183" status="PASS">
          <reporter-output>
          </reporter-output>
        </test-method> <!-- testLoginAndGetSessionId -->
        <test-method signature="testSuccessfulSqlInjection()[pri:2, instance:tests.WebGoat8Api@1d2adfbe]" started-at="2024-05-13T17:05:10 IST" name="testSuccessfulSqlInjection" finished-at="2024-05-13T17:05:11 IST" duration-ms="1092" status="PASS">
          <reporter-output>
          </reporter-output>
        </test-method> <!-- testSuccessfulSqlInjection -->
        <test-method signature="testSuccessfulSqlInjectionEmptyName()[pri:3, instance:tests.WebGoat8Api@1d2adfbe]" started-at="2024-05-13T17:05:11 IST" name="testSuccessfulSqlInjectionEmptyName" finished-at="2024-05-13T17:05:12 IST" duration-ms="309" status="PASS">
          <reporter-output>
          </reporter-output>
        </test-method> <!-- testSuccessfulSqlInjectionEmptyName -->
        <test-method signature="testSqlInjectionWronInput()[pri:4, instance:tests.WebGoat8Api@1d2adfbe]" started-at="2024-05-13T17:05:12 IST" name="testSqlInjectionWronInput" finished-at="2024-05-13T17:05:12 IST" duration-ms="275" status="PASS">
          <reporter-output>
          </reporter-output>
        </test-method> <!-- testSqlInjectionWronInput -->
      </class> <!-- tests.WebGoat8Api -->
    </test> <!-- Default test -->
  </suite> <!-- Default suite -->
</testng-results>
